<?xml version="1.0" encoding="UTF-8"?>
<!-- Generated by org.testng.reporters.JUnitReportReporter -->
<testsuite hostname="LAPTOP-KQ73EVKN" failures="0" tests="1" name="mob_testing.Hybrid_app" time="60.401" errors="0" timestamp="2023-01-19T23:31:10 IST" skipped="0">
  <testcase classname="mob_testing.Hybrid_app" name="testcase1" time="60.401"/>
  <system-out/>
</testsuite> <!-- mob_testing.Hybrid_app -->
