<?xml version="1.0" encoding="UTF-8"?>
<!-- Generated by org.testng.reporters.JUnitReportReporter -->
<testsuite hostname="LAPTOP-KQ73EVKN" failures="0" tests="1" name="mob_testing.FirstMobTest" time="22.867" errors="0" timestamp="2023-01-18T11:13:32 IST" skipped="0">
  <testcase classname="mob_testing.FirstMobTest" name="testcase1" time="22.867"/>
  <system-out/>
</testsuite> <!-- mob_testing.FirstMobTest -->
