<?xml version="1.0" encoding="UTF-8"?>
<!-- Generated by org.testng.reporters.JUnitReportReporter -->
<testsuite hostname="LAPTOP-KQ73EVKN" failures="0" tests="1" name="mob_testing.NativeApp" time="19.910" errors="0" timestamp="2023-01-18T15:56:39 IST" skipped="0">
  <testcase classname="mob_testing.NativeApp" name="animation" time="19.910"/>
  <system-out/>
</testsuite> <!-- mob_testing.NativeApp -->
